<?xml version="1.0" encoding="UTF-8"?>
<!-- Generated by org.testng.reporters.JUnitReportReporter -->
<testsuite hostname="anas-Inspiron-3537" failures="0" tests="1" name="Ibtikar.testJenkins.JenkinsTest" time="1.989" errors="0" timestamp="2021-08-09T17:12:35 EET" skipped="0">
  <testcase classname="Ibtikar.testJenkins.JenkinsTest" name="testLoginMethod" time="1.989"/>
  <system-out/>
</testsuite> <!-- Ibtikar.testJenkins.JenkinsTest -->
